<?xml version="1.0" encoding="UTF-8"?>
<!-- Generated by org.testng.reporters.JUnitXMLReporter -->
<testsuite ignored="0" hostname="BekkeringHome" failures="1" tests="20" name="Command line test" time="0.088" errors="0" timestamp="2023-11-20T19:07:52 CST">
  <testcase classname="eost.ClassesTest" name="test_classify" time="0.015"/>
  <testcase classname="eost.ClassesTest" name="test_classify" time="0.0"/>
  <testcase classname="eost.ClassesTest" name="test_classify" time="0.0"/>
  <testcase classname="eost.ClassesTest" name="test_classify" time="0.0"/>
  <testcase classname="eost.ClassesTest" name="test_classify" time="0.0"/>
  <testcase classname="eost.ClassesTest" name="test_classify" time="0.0"/>
  <testcase classname="eost.ClassesTest" name="test_classify" time="0.0"/>
  <testcase classname="eost.ClassesTest" name="test_classify" time="0.0"/>
  <testcase classname="eost.ClassesTest" name="test_classify" time="0.0"/>
  <testcase classname="eost.ClassesTest" name="test_classify" time="0.0"/>
  <testcase classname="eost.ClassesTest" name="test_classify" time="0.0"/>
  <testcase classname="eost.ClassesTest" name="test_classify" time="0.0"/>
  <testcase classname="eost.ClassesTest" name="test_classify" time="0.0"/>
  <testcase classname="eost.ClassesTest" name="test_classify" time="0.0">
    <failure type="java.lang.AssertionError" message="expected [SENIOR] but found [JUNIOR]">
      <![CDATA[java.lang.AssertionError: expected [SENIOR] but found [JUNIOR]
at eost.ClassesTest.test_classify(ClassesTest.java:55)
at java.base/java.util.ArrayList.forEach(ArrayList.java:1511)
... Removed 28 stack frames]]>
    </failure>
  </testcase> <!-- test_classify -->
  <testcase classname="eost.ClassesTest" name="test_classify" time="0.0"/>
  <testcase classname="eost.ClassesTest" name="test_classify" time="0.0"/>
  <testcase classname="eost.ClassesTest" name="test_classify" time="0.0"/>
  <testcase classname="eost.ClassesTest" name="test_classify" time="0.0"/>
  <testcase classname="eost.ClassesTest" name="test_classify" time="0.0"/>
  <testcase classname="eost.ClassesTest" name="test_classify" time="0.0"/>
</testsuite> <!-- Command line test -->
